app/build/intermediates/manifest_merge_blame_file/release/manifest-merger-blame-release-report.txt
1<?xml version="1.0" encoding="utf-8"?>
2<manifest xmlns:android="http://schemas.android.com/apk/res/android"
3    package="com.example.studentshelpapp"
4    android:versionCode="1"
5    android:versionName="1.0" >
6
7    <uses-sdk
8        android:minSdkVersion="21"
8-->src\main\AndroidManifest.xml
9        android:targetSdkVersion="30" />
9-->src\main\AndroidManifest.xml
10
11    <uses-permission android:name="android.permission.INTERNET" />
11-->src\main\AndroidManifest.xml:5:5-67
11-->src\main\AndroidManifest.xml:5:22-64
12    <uses-permission android:name="android.permission.ACCESS_NETWORK_STATE" />
12-->[com.google.firebase:firebase-auth:20.0.0] AndroidManifest.xml:24:5-79
12-->[com.google.firebase:firebase-auth:20.0.0] AndroidManifest.xml:24:22-76
13    <uses-permission android:name="android.permission.WAKE_LOCK" />
13-->[com.google.android.gms:play-services-measurement:18.0.0] AndroidManifest.xml:25:5-68
13-->[com.google.android.gms:play-services-measurement:18.0.0] AndroidManifest.xml:25:22-65
14    <uses-permission android:name="com.google.android.finsky.permission.BIND_GET_INSTALL_REFERRER_SERVICE" />
14-->[com.google.android.gms:play-services-measurement:18.0.0] AndroidManifest.xml:26:5-110
14-->[com.google.android.gms:play-services-measurement:18.0.0] AndroidManifest.xml:26:22-107
15
16    <application
16-->src\main\AndroidManifest.xml:7:5-75:19
17        android:allowBackup="true"
17-->src\main\AndroidManifest.xml:8:9-35
18        android:appComponentFactory="androidx.core.app.CoreComponentFactory"
18-->[androidx.core:core:1.3.0] AndroidManifest.xml:24:18-86
19        android:icon="@mipmap/logo"
19-->src\main\AndroidManifest.xml:9:9-36
20        android:label="@string/app_name"
20-->src\main\AndroidManifest.xml:10:9-41
21        android:roundIcon="@mipmap/logo_round"
21-->src\main\AndroidManifest.xml:11:9-47
22        android:supportsRtl="true"
22-->src\main\AndroidManifest.xml:12:9-35
23        android:theme="@style/AppTheme" >
23-->src\main\AndroidManifest.xml:13:9-40
24        <activity
24-->src\main\AndroidManifest.xml:14:9-92
25            android:name="com.example.studentshelpapp.MyDetails"
25-->src\main\AndroidManifest.xml:14:19-44
26            android:parentActivityName="com.example.studentshelpapp.MyAds" />
26-->src\main\AndroidManifest.xml:14:45-80
27        <activity android:name="com.example.studentshelpapp.ui.freshers.map" />
27-->src\main\AndroidManifest.xml:15:9-53
27-->src\main\AndroidManifest.xml:15:19-50
28        <activity android:name="com.example.studentshelpapp.signup" />
28-->src\main\AndroidManifest.xml:16:9-44
28-->src\main\AndroidManifest.xml:16:19-41
29        <activity android:name="com.example.studentshelpapp.login" />
29-->src\main\AndroidManifest.xml:17:9-43
29-->src\main\AndroidManifest.xml:17:19-40
30        <activity
30-->src\main\AndroidManifest.xml:18:9-20:54
31            android:name="com.example.studentshelpapp.Details"
31-->src\main\AndroidManifest.xml:19:13-36
32            android:parentActivityName="com.example.studentshelpapp.Purchase" />
32-->src\main\AndroidManifest.xml:20:13-51
33        <activity
33-->src\main\AndroidManifest.xml:21:9-24:45
34            android:name="com.example.studentshelpapp.MyAds"
34-->src\main\AndroidManifest.xml:22:13-34
35            android:launchMode="singleTop"
35-->src\main\AndroidManifest.xml:24:13-43
36            android:parentActivityName="com.example.studentshelpapp.MainActivity" />
36-->src\main\AndroidManifest.xml:23:13-55
37        <activity
37-->src\main\AndroidManifest.xml:25:9-27:58
38            android:name="com.example.studentshelpapp.Sell"
38-->src\main\AndroidManifest.xml:26:13-33
39            android:parentActivityName="com.example.studentshelpapp.MainActivity" />
39-->src\main\AndroidManifest.xml:27:13-55
40        <activity
40-->src\main\AndroidManifest.xml:28:9-30:58
41            android:name="com.example.studentshelpapp.Purchase"
41-->src\main\AndroidManifest.xml:29:13-37
42            android:parentActivityName="com.example.studentshelpapp.MainActivity" />
42-->src\main\AndroidManifest.xml:30:13-55
43        <activity
43-->src\main\AndroidManifest.xml:31:9-34:59
44            android:name="com.example.studentshelpapp.ui.notes.note"
44-->src\main\AndroidManifest.xml:32:13-42
45            android:label="note"
45-->src\main\AndroidManifest.xml:33:13-33
46            android:theme="@style/AppTheme.NoActionBar" />
46-->src\main\AndroidManifest.xml:34:13-56
47        <activity
47-->src\main\AndroidManifest.xml:35:9-38:59
48            android:name="com.example.studentshelpapp.ui.notes.book"
48-->src\main\AndroidManifest.xml:36:13-42
49            android:label="note"
49-->src\main\AndroidManifest.xml:37:13-33
50            android:theme="@style/AppTheme.NoActionBar" />
50-->src\main\AndroidManifest.xml:38:13-56
51        <activity
51-->src\main\AndroidManifest.xml:39:9-42:59
52            android:name="com.example.studentshelpapp.ui.freshers.fests"
52-->src\main\AndroidManifest.xml:40:13-46
53            android:label="@string/title_activity_fests"
53-->src\main\AndroidManifest.xml:41:13-57
54            android:theme="@style/AppTheme.NoActionBar" />
54-->src\main\AndroidManifest.xml:42:13-56
55        <activity
55-->src\main\AndroidManifest.xml:43:9-46:59
56            android:name="com.example.studentshelpapp.ui.freshers.needs"
56-->src\main\AndroidManifest.xml:44:13-46
57            android:label="@string/title_activity_needs"
57-->src\main\AndroidManifest.xml:45:13-57
58            android:theme="@style/AppTheme.NoActionBar" />
58-->src\main\AndroidManifest.xml:46:13-56
59        <activity
59-->src\main\AndroidManifest.xml:47:9-50:59
60            android:name="com.example.studentshelpapp.ui.freshers.foods"
60-->src\main\AndroidManifest.xml:48:13-46
61            android:label="@string/title_activity_foods"
61-->src\main\AndroidManifest.xml:49:13-57
62            android:theme="@style/AppTheme.NoActionBar" />
62-->src\main\AndroidManifest.xml:50:13-56
63        <activity
63-->src\main\AndroidManifest.xml:51:9-54:59
64            android:name="com.example.studentshelpapp.ui.cpndev.cp"
64-->src\main\AndroidManifest.xml:52:13-41
65            android:label="@string/title_activity_foods"
65-->src\main\AndroidManifest.xml:53:13-57
66            android:theme="@style/AppTheme.NoActionBar" />
66-->src\main\AndroidManifest.xml:54:13-56
67        <activity
67-->src\main\AndroidManifest.xml:55:9-58:59
68            android:name="com.example.studentshelpapp.ui.cpndev.dev"
68-->src\main\AndroidManifest.xml:56:13-42
69            android:label="@string/title_activity_foods"
69-->src\main\AndroidManifest.xml:57:13-57
70            android:theme="@style/AppTheme.NoActionBar" />
70-->src\main\AndroidManifest.xml:58:13-56
71        <activity
71-->src\main\AndroidManifest.xml:59:9-61:46
72            android:name="com.example.studentshelpapp.MainActivity"
72-->src\main\AndroidManifest.xml:60:13-41
73            android:launchMode="singleTop" />
73-->src\main\AndroidManifest.xml:61:13-43
74        <activity
74-->src\main\AndroidManifest.xml:62:9-70:20
75            android:name="com.example.studentshelpapp.SplashActivity"
75-->src\main\AndroidManifest.xml:63:13-43
76            android:theme="@style/Theme.AppCompat.NoActionBar" >
76-->src\main\AndroidManifest.xml:64:13-63
77            <intent-filter>
77-->src\main\AndroidManifest.xml:65:13-69:29
78                <action android:name="android.intent.action.MAIN" />
78-->src\main\AndroidManifest.xml:66:17-69
78-->src\main\AndroidManifest.xml:66:25-66
79
80                <category android:name="android.intent.category.LAUNCHER" />
80-->src\main\AndroidManifest.xml:68:17-77
80-->src\main\AndroidManifest.xml:68:27-74
81            </intent-filter>
82        </activity>
83
84        <meta-data
84-->src\main\AndroidManifest.xml:72:9-74:57
85            android:name="preloaded_fonts"
85-->src\main\AndroidManifest.xml:73:13-43
86            android:resource="@array/preloaded_fonts" />
86-->src\main\AndroidManifest.xml:74:13-54
87
88        <provider
88-->[com.squareup.picasso:picasso:2.71828] AndroidManifest.xml:8:9-11:40
89            android:name="com.squareup.picasso.PicassoProvider"
89-->[com.squareup.picasso:picasso:2.71828] AndroidManifest.xml:9:13-64
90            android:authorities="com.example.studentshelpapp.com.squareup.picasso"
90-->[com.squareup.picasso:picasso:2.71828] AndroidManifest.xml:10:13-72
91            android:exported="false" />
91-->[com.squareup.picasso:picasso:2.71828] AndroidManifest.xml:11:13-37
92
93        <activity
93-->[com.google.firebase:firebase-auth:20.0.0] AndroidManifest.xml:27:9-34:50
94            android:name="com.google.firebase.auth.internal.FederatedSignInActivity"
94-->[com.google.firebase:firebase-auth:20.0.0] AndroidManifest.xml:28:13-85
95            android:excludeFromRecents="true"
95-->[com.google.firebase:firebase-auth:20.0.0] AndroidManifest.xml:29:13-46
96            android:exported="true"
96-->[com.google.firebase:firebase-auth:20.0.0] AndroidManifest.xml:30:13-36
97            android:launchMode="singleTask"
97-->[com.google.firebase:firebase-auth:20.0.0] AndroidManifest.xml:31:13-44
98            android:permission="com.google.firebase.auth.api.gms.permission.LAUNCH_FEDERATED_SIGN_IN"
98-->[com.google.firebase:firebase-auth:20.0.0] AndroidManifest.xml:32:13-102
99            android:theme="@android:style/Theme.Translucent.NoTitleBar" />
99-->[com.google.firebase:firebase-auth:20.0.0] AndroidManifest.xml:33:13-72
100        <activity
100-->[com.google.firebase:firebase-auth:20.0.0] AndroidManifest.xml:35:9-52:20
101            android:name="com.google.firebase.auth.internal.GenericIdpActivity"
101-->[com.google.firebase:firebase-auth:20.0.0] AndroidManifest.xml:36:13-80
102            android:excludeFromRecents="true"
102-->[com.google.firebase:firebase-auth:20.0.0] AndroidManifest.xml:37:13-46
103            android:exported="true"
103-->[com.google.firebase:firebase-auth:20.0.0] AndroidManifest.xml:38:13-36
104            android:launchMode="singleTask"
104-->[com.google.firebase:firebase-auth:20.0.0] AndroidManifest.xml:39:13-44
105            android:theme="@android:style/Theme.Translucent.NoTitleBar" >
105-->[com.google.firebase:firebase-auth:20.0.0] AndroidManifest.xml:40:13-72
106            <intent-filter>
106-->[com.google.firebase:firebase-auth:20.0.0] AndroidManifest.xml:41:13-51:29
107                <action android:name="android.intent.action.VIEW" />
107-->[com.google.firebase:firebase-auth:20.0.0] AndroidManifest.xml:42:17-69
107-->[com.google.firebase:firebase-auth:20.0.0] AndroidManifest.xml:42:25-66
108
109                <category android:name="android.intent.category.DEFAULT" />
109-->[com.google.firebase:firebase-auth:20.0.0] AndroidManifest.xml:44:17-76
109-->[com.google.firebase:firebase-auth:20.0.0] AndroidManifest.xml:44:27-73
110                <category android:name="android.intent.category.BROWSABLE" />
110-->[com.google.firebase:firebase-auth:20.0.0] AndroidManifest.xml:45:17-78
110-->[com.google.firebase:firebase-auth:20.0.0] AndroidManifest.xml:45:27-75
111
112                <data
112-->[com.google.firebase:firebase-auth:20.0.0] AndroidManifest.xml:47:17-50:51
113                    android:host="firebase.auth"
113-->[com.google.firebase:firebase-auth:20.0.0] AndroidManifest.xml:48:21-49
114                    android:path="/"
114-->[com.google.firebase:firebase-auth:20.0.0] AndroidManifest.xml:49:21-37
115                    android:scheme="genericidp" />
115-->[com.google.firebase:firebase-auth:20.0.0] AndroidManifest.xml:50:21-48
116            </intent-filter>
117        </activity>
118        <activity
118-->[com.google.firebase:firebase-auth:20.0.0] AndroidManifest.xml:53:9-70:20
119            android:name="com.google.firebase.auth.internal.RecaptchaActivity"
119-->[com.google.firebase:firebase-auth:20.0.0] AndroidManifest.xml:54:13-79
120            android:excludeFromRecents="true"
120-->[com.google.firebase:firebase-auth:20.0.0] AndroidManifest.xml:55:13-46
121            android:exported="true"
121-->[com.google.firebase:firebase-auth:20.0.0] AndroidManifest.xml:56:13-36
122            android:launchMode="singleTask"
122-->[com.google.firebase:firebase-auth:20.0.0] AndroidManifest.xml:57:13-44
123            android:theme="@android:style/Theme.Translucent.NoTitleBar" >
123-->[com.google.firebase:firebase-auth:20.0.0] AndroidManifest.xml:58:13-72
124            <intent-filter>
124-->[com.google.firebase:firebase-auth:20.0.0] AndroidManifest.xml:59:13-69:29
125                <action android:name="android.intent.action.VIEW" />
125-->[com.google.firebase:firebase-auth:20.0.0] AndroidManifest.xml:42:17-69
125-->[com.google.firebase:firebase-auth:20.0.0] AndroidManifest.xml:42:25-66
126
127                <category android:name="android.intent.category.DEFAULT" />
127-->[com.google.firebase:firebase-auth:20.0.0] AndroidManifest.xml:44:17-76
127-->[com.google.firebase:firebase-auth:20.0.0] AndroidManifest.xml:44:27-73
128                <category android:name="android.intent.category.BROWSABLE" />
128-->[com.google.firebase:firebase-auth:20.0.0] AndroidManifest.xml:45:17-78
128-->[com.google.firebase:firebase-auth:20.0.0] AndroidManifest.xml:45:27-75
129
130                <data
130-->[com.google.firebase:firebase-auth:20.0.0] AndroidManifest.xml:47:17-50:51
131                    android:host="firebase.auth"
131-->[com.google.firebase:firebase-auth:20.0.0] AndroidManifest.xml:48:21-49
132                    android:path="/"
132-->[com.google.firebase:firebase-auth:20.0.0] AndroidManifest.xml:49:21-37
133                    android:scheme="recaptcha" />
133-->[com.google.firebase:firebase-auth:20.0.0] AndroidManifest.xml:50:21-48
134            </intent-filter>
135        </activity>
136
137        <service
137-->[com.google.firebase:firebase-auth:20.0.0] AndroidManifest.xml:72:9-81:19
138            android:name="com.google.firebase.auth.api.fallback.service.FirebaseAuthFallbackService"
138-->[com.google.firebase:firebase-auth:20.0.0] AndroidManifest.xml:73:13-101
139            android:enabled="true"
139-->[com.google.firebase:firebase-auth:20.0.0] AndroidManifest.xml:74:13-35
140            android:exported="false" >
140-->[com.google.firebase:firebase-auth:20.0.0] AndroidManifest.xml:75:13-37
141            <intent-filter>
141-->[com.google.firebase:firebase-auth:20.0.0] AndroidManifest.xml:76:13-80:29
142                <action android:name="com.google.firebase.auth.api.gms.service.START" />
142-->[com.google.firebase:firebase-auth:20.0.0] AndroidManifest.xml:77:17-89
142-->[com.google.firebase:firebase-auth:20.0.0] AndroidManifest.xml:77:25-86
143
144                <category android:name="android.intent.category.DEFAULT" />
144-->[com.google.firebase:firebase-auth:20.0.0] AndroidManifest.xml:44:17-76
144-->[com.google.firebase:firebase-auth:20.0.0] AndroidManifest.xml:44:27-73
145            </intent-filter>
146        </service>
147        <service
147-->[com.google.firebase:firebase-auth:20.0.0] AndroidManifest.xml:82:9-88:19
148            android:name="com.google.firebase.components.ComponentDiscoveryService"
148-->[com.google.firebase:firebase-auth:20.0.0] AndroidManifest.xml:83:13-84
149            android:directBootAware="true"
149-->[com.google.firebase:firebase-common:19.3.1] AndroidManifest.xml:35:13-43
150            android:exported="false" >
150-->[com.google.firebase:firebase-auth:20.0.0] AndroidManifest.xml:84:13-37
151            <meta-data
151-->[com.google.firebase:firebase-auth:20.0.0] AndroidManifest.xml:85:13-87:85
152                android:name="com.google.firebase.components:com.google.firebase.auth.FirebaseAuthRegistrar"
152-->[com.google.firebase:firebase-auth:20.0.0] AndroidManifest.xml:86:17-109
153                android:value="com.google.firebase.components.ComponentRegistrar" />
153-->[com.google.firebase:firebase-auth:20.0.0] AndroidManifest.xml:87:17-82
154            <meta-data
154-->[com.google.firebase:firebase-storage:19.2.0] AndroidManifest.xml:33:13-35:85
155                android:name="com.google.firebase.components:com.google.firebase.storage.StorageRegistrar"
155-->[com.google.firebase:firebase-storage:19.2.0] AndroidManifest.xml:34:17-107
156                android:value="com.google.firebase.components.ComponentRegistrar" />
156-->[com.google.firebase:firebase-storage:19.2.0] AndroidManifest.xml:35:17-82
157            <meta-data
157-->[com.google.firebase:firebase-database:19.5.1] AndroidManifest.xml:32:13-34:85
158                android:name="com.google.firebase.components:com.google.firebase.database.DatabaseRegistrar"
158-->[com.google.firebase:firebase-database:19.5.1] AndroidManifest.xml:33:17-109
159                android:value="com.google.firebase.components.ComponentRegistrar" />
159-->[com.google.firebase:firebase-database:19.5.1] AndroidManifest.xml:34:17-82
160            <meta-data
160-->[com.google.android.gms:play-services-measurement-api:18.0.0] AndroidManifest.xml:30:13-32:85
161                android:name="com.google.firebase.components:com.google.firebase.analytics.connector.internal.AnalyticsConnectorRegistrar"
161-->[com.google.android.gms:play-services-measurement-api:18.0.0] AndroidManifest.xml:31:17-139
162                android:value="com.google.firebase.components.ComponentRegistrar" />
162-->[com.google.android.gms:play-services-measurement-api:18.0.0] AndroidManifest.xml:32:17-82
163            <meta-data
163-->[com.google.firebase:firebase-installations:16.3.3] AndroidManifest.xml:17:13-19:85
164                android:name="com.google.firebase.components:com.google.firebase.installations.FirebaseInstallationsRegistrar"
164-->[com.google.firebase:firebase-installations:16.3.3] AndroidManifest.xml:18:17-127
165                android:value="com.google.firebase.components.ComponentRegistrar" />
165-->[com.google.firebase:firebase-installations:16.3.3] AndroidManifest.xml:19:17-82
166        </service>
167
168        <activity
168-->[com.google.android.gms:play-services-base:17.1.0] AndroidManifest.xml:23:9-26:75
169            android:name="com.google.android.gms.common.api.GoogleApiActivity"
169-->[com.google.android.gms:play-services-base:17.1.0] AndroidManifest.xml:24:13-79
170            android:exported="false"
170-->[com.google.android.gms:play-services-base:17.1.0] AndroidManifest.xml:25:13-37
171            android:theme="@android:style/Theme.Translucent.NoTitleBar" />
171-->[com.google.android.gms:play-services-base:17.1.0] AndroidManifest.xml:26:13-72
172
173        <receiver
173-->[com.google.android.gms:play-services-measurement:18.0.0] AndroidManifest.xml:29:9-33:20
174            android:name="com.google.android.gms.measurement.AppMeasurementReceiver"
174-->[com.google.android.gms:play-services-measurement:18.0.0] AndroidManifest.xml:30:13-85
175            android:enabled="true"
175-->[com.google.android.gms:play-services-measurement:18.0.0] AndroidManifest.xml:31:13-35
176            android:exported="false" >
176-->[com.google.android.gms:play-services-measurement:18.0.0] AndroidManifest.xml:32:13-37
177        </receiver>
178
179        <service
179-->[com.google.android.gms:play-services-measurement:18.0.0] AndroidManifest.xml:35:9-38:40
180            android:name="com.google.android.gms.measurement.AppMeasurementService"
180-->[com.google.android.gms:play-services-measurement:18.0.0] AndroidManifest.xml:36:13-84
181            android:enabled="true"
181-->[com.google.android.gms:play-services-measurement:18.0.0] AndroidManifest.xml:37:13-35
182            android:exported="false" />
182-->[com.google.android.gms:play-services-measurement:18.0.0] AndroidManifest.xml:38:13-37
183        <service
183-->[com.google.android.gms:play-services-measurement:18.0.0] AndroidManifest.xml:39:9-43:72
184            android:name="com.google.android.gms.measurement.AppMeasurementJobService"
184-->[com.google.android.gms:play-services-measurement:18.0.0] AndroidManifest.xml:40:13-87
185            android:enabled="true"
185-->[com.google.android.gms:play-services-measurement:18.0.0] AndroidManifest.xml:41:13-35
186            android:exported="false"
186-->[com.google.android.gms:play-services-measurement:18.0.0] AndroidManifest.xml:42:13-37
187            android:permission="android.permission.BIND_JOB_SERVICE" />
187-->[com.google.android.gms:play-services-measurement:18.0.0] AndroidManifest.xml:43:13-69
188
189        <provider
189-->[com.google.firebase:firebase-common:19.3.1] AndroidManifest.xml:26:9-31:39
190            android:name="com.google.firebase.provider.FirebaseInitProvider"
190-->[com.google.firebase:firebase-common:19.3.1] AndroidManifest.xml:27:13-77
191            android:authorities="com.example.studentshelpapp.firebaseinitprovider"
191-->[com.google.firebase:firebase-common:19.3.1] AndroidManifest.xml:28:13-72
192            android:directBootAware="true"
192-->[com.google.firebase:firebase-common:19.3.1] AndroidManifest.xml:29:13-43
193            android:exported="false"
193-->[com.google.firebase:firebase-common:19.3.1] AndroidManifest.xml:30:13-37
194            android:initOrder="100" />
194-->[com.google.firebase:firebase-common:19.3.1] AndroidManifest.xml:31:13-36
195
196        <meta-data
196-->[com.google.android.gms:play-services-basement:17.1.0] AndroidManifest.xml:23:9-25:69
197            android:name="com.google.android.gms.version"
197-->[com.google.android.gms:play-services-basement:17.1.0] AndroidManifest.xml:24:13-58
198            android:value="@integer/google_play_services_version" />
198-->[com.google.android.gms:play-services-basement:17.1.0] AndroidManifest.xml:25:13-66
199
200        <provider
200-->[androidx.lifecycle:lifecycle-process:2.2.0] AndroidManifest.xml:25:9-29:43
201            android:name="androidx.lifecycle.ProcessLifecycleOwnerInitializer"
201-->[androidx.lifecycle:lifecycle-process:2.2.0] AndroidManifest.xml:26:13-79
202            android:authorities="com.example.studentshelpapp.lifecycle-process"
202-->[androidx.lifecycle:lifecycle-process:2.2.0] AndroidManifest.xml:27:13-69
203            android:exported="false"
203-->[androidx.lifecycle:lifecycle-process:2.2.0] AndroidManifest.xml:28:13-37
204            android:multiprocess="true" />
204-->[androidx.lifecycle:lifecycle-process:2.2.0] AndroidManifest.xml:29:13-40
205    </application>
206
207</manifest>